<?xml version="1.0" encoding="UTF-8"?>
<!-- Generated by org.testng.reporters.JUnitReportReporter -->
<testsuite skipped="0" hostname="LAPTOP-16BADNPC" name="org.testng1.SampleTestNG" tests="1" failures="0" timestamp="10 Nov 2022 14:32:35 GMT" time="47.508" errors="0">
  <testcase name="OrangeHrm" time="47.508" classname="org.testng1.SampleTestNG"/>
</testsuite> <!-- org.testng1.SampleTestNG -->
