<?xml version="1.0" encoding="UTF-8"?>
<!-- Generated by org.testng.reporters.JUnitReportReporter -->
<testsuite skipped="0" hostname="LAPTOP-16BADNPC" name="org.groupings.GroupingConcept01" tests="1" failures="0" timestamp="10 Nov 2022 15:52:38 GMT" time="37.668" errors="0">
  <testcase name="MoveActivity" time="37.668" classname="org.groupings.GroupingConcept01"/>
</testsuite> <!-- org.groupings.GroupingConcept01 -->
