<?xml version="1.0" encoding="UTF-8"?>
<!-- Generated by org.testng.reporters.JUnitReportReporter -->
<testsuite skipped="0" hostname="LAPTOP-16BADNPC" name="org.groupings.GroupingConcept" tests="1" failures="0" timestamp="10 Nov 2022 15:52:38 GMT" time="54.721" errors="0">
  <testcase name="SearchFunctions" time="54.721" classname="org.groupings.GroupingConcept"/>
</testsuite> <!-- org.groupings.GroupingConcept -->
