<?xml version="1.0" encoding="UTF-8"?>
<!-- Generated by org.testng.reporters.JUnitReportReporter -->
<testsuite skipped="0" hostname="LAPTOP-16BADNPC" name="org.sample1.sampledemo" tests="2" failures="0" timestamp="11 Nov 2022 16:02:03 GMT" time="55.254" errors="0">
  <testcase name="chrome" time="51.743" classname="org.sample1.sampledemo"/>
  <testcase name="chromeone" time="3.511" classname="org.sample1.sampledemo"/>
</testsuite> <!-- org.sample1.sampledemo -->
