<?xml version="1.0" encoding="UTF-8"?>
<!-- Generated by org.testng.reporters.JUnitReportReporter -->
<testsuite skipped="0" hostname="LAPTOP-16BADNPC" name="or.parallelexecution.methodParallelExecution" tests="2" failures="0" timestamp="11 Nov 2022 15:59:43 GMT" time="44.655" errors="0">
  <testcase name="chromeone" time="10.650" classname="or.parallelexecution.methodParallelExecution"/>
  <testcase name="chrome" time="34.005" classname="or.parallelexecution.methodParallelExecution"/>
</testsuite> <!-- or.parallelexecution.methodParallelExecution -->
