<?xml version="1.0" encoding="UTF-8"?>
<!-- Generated by org.testng.reporters.JUnitReportReporter -->
<testsuite skipped="0" hostname="LAPTOP-16BADNPC" name="org.groupings.GroupingConcept02" tests="1" failures="0" timestamp="10 Nov 2022 15:52:38 GMT" time="26.172" errors="0">
  <testcase name="configure" time="26.172" classname="org.groupings.GroupingConcept02"/>
</testsuite> <!-- org.groupings.GroupingConcept02 -->
